2023-08-04 13:53:52,710 : INFO : Start of Prediction
2023-08-04 13:53:52,710 : INFO : run_id:2023-08-04_135352_819160602
2023-08-04 13:53:52,710 : INFO : Start of Preprocessing...
2023-08-04 13:53:52,710 : INFO : Start of feature encoding...
2023-08-04 13:53:52,807 : INFO : End of feature encoding...
2023-08-04 13:53:52,812 : INFO : Start of Droping Columns...
2023-08-04 13:53:52,848 : INFO : End of Droping Columns...
2023-08-04 13:53:52,848 : INFO : Start of finding missing values...
2023-08-04 13:53:52,850 : INFO : End of finding missing values...
2023-08-04 13:53:52,850 : INFO : Start of building final predictset...
2023-08-04 13:53:52,900 : INFO : End of building final predictset...
2023-08-04 13:53:52,901 : INFO : End of Preprocessing...
2023-08-04 13:53:52,901 : INFO : Start of Load Model
2023-08-04 13:53:52,902 : INFO : Model File KMeans loaded
2023-08-04 13:53:52,902 : INFO : End of Load Model
2023-08-04 13:53:52,975 : INFO : clusters loop started
2023-08-04 13:53:52,978 : INFO : Start of finding correct model
2023-08-04 13:53:52,978 : INFO : End of finding correct model
2023-08-04 13:53:52,978 : INFO : Start of Load Model
2023-08-04 13:53:52,979 : INFO : Model File XGBoost2 loaded
2023-08-04 13:53:52,979 : INFO : End of Load Model
2023-08-04 13:53:53,301 : INFO : Shape of Data (1, 9)
2023-08-04 13:53:53,313 : INFO : Shape of Data None
2023-08-04 13:53:53,350 : INFO : Output : [0.]
2023-08-04 13:53:53,351 : INFO : End of Prediction
