2023-08-04 14:15:03,203 : INFO : Start of Prediction
2023-08-04 14:15:03,204 : INFO : run_id:2023-08-04_141503_233144972
2023-08-04 14:15:03,204 : INFO : Start of Preprocessing...
2023-08-04 14:15:03,204 : INFO : Start of feature encoding...
2023-08-04 14:15:03,219 : INFO : End of feature encoding...
2023-08-04 14:15:03,221 : INFO : Start of Droping Columns...
2023-08-04 14:15:03,225 : INFO : End of Droping Columns...
2023-08-04 14:15:03,225 : INFO : Start of finding missing values...
2023-08-04 14:15:03,227 : INFO : End of finding missing values...
2023-08-04 14:15:03,228 : INFO : Start of building final predictset...
2023-08-04 14:15:03,250 : INFO : End of building final predictset...
2023-08-04 14:15:03,251 : INFO : End of Preprocessing...
2023-08-04 14:15:03,252 : INFO : Start of Load Model
2023-08-04 14:15:03,252 : INFO : Model File KMeans loaded
2023-08-04 14:15:03,253 : INFO : End of Load Model
2023-08-04 14:15:03,263 : INFO : clusters loop started
2023-08-04 14:15:03,267 : INFO : Start of finding correct model
2023-08-04 14:15:03,267 : INFO : End of finding correct model
2023-08-04 14:15:03,267 : INFO : Start of Load Model
2023-08-04 14:15:03,268 : INFO : Model File XGBoost2 loaded
2023-08-04 14:15:03,268 : INFO : End of Load Model
2023-08-04 14:15:03,271 : INFO : Shape of Data (1, 9)
2023-08-04 14:15:03,285 : INFO : Shape of Data None
2023-08-04 14:15:03,291 : INFO : Output : [1.]
2023-08-04 14:15:03,291 : INFO : End of Prediction
