2023-08-04 14:15:01,444 : INFO : Start of Prediction
2023-08-04 14:15:01,444 : INFO : run_id:2023-08-04_141501_248086025
2023-08-04 14:15:01,446 : INFO : Start of Preprocessing...
2023-08-04 14:15:01,446 : INFO : Start of feature encoding...
2023-08-04 14:15:01,459 : INFO : End of feature encoding...
2023-08-04 14:15:01,461 : INFO : Start of Droping Columns...
2023-08-04 14:15:01,463 : INFO : End of Droping Columns...
2023-08-04 14:15:01,464 : INFO : Start of finding missing values...
2023-08-04 14:15:01,465 : INFO : End of finding missing values...
2023-08-04 14:15:01,466 : INFO : Start of building final predictset...
2023-08-04 14:15:01,485 : INFO : End of building final predictset...
2023-08-04 14:15:01,487 : INFO : End of Preprocessing...
2023-08-04 14:15:01,487 : INFO : Start of Load Model
2023-08-04 14:15:01,487 : INFO : Model File KMeans loaded
2023-08-04 14:15:01,487 : INFO : End of Load Model
2023-08-04 14:15:01,492 : INFO : clusters loop started
2023-08-04 14:15:01,495 : INFO : Start of finding correct model
2023-08-04 14:15:01,496 : INFO : End of finding correct model
2023-08-04 14:15:01,496 : INFO : Start of Load Model
2023-08-04 14:15:01,496 : INFO : Model File XGBoost2 loaded
2023-08-04 14:15:01,496 : INFO : End of Load Model
2023-08-04 14:15:01,499 : INFO : Shape of Data (1, 9)
2023-08-04 14:15:01,507 : INFO : Shape of Data None
2023-08-04 14:15:01,511 : INFO : Output : [1.]
2023-08-04 14:15:01,512 : INFO : End of Prediction
