2023-08-04 12:58:09,204 : INFO : Start of Prediction
2023-08-04 12:58:09,204 : INFO : run_id:2023-08-04_125809_147966114
2023-08-04 12:58:09,204 : INFO : Start of Preprocessing...
2023-08-04 12:58:09,204 : INFO : Start of feature encoding...
2023-08-04 12:58:09,213 : INFO : End of feature encoding...
2023-08-04 12:58:09,214 : INFO : Start of Droping Columns...
2023-08-04 12:58:09,215 : INFO : End of Droping Columns...
2023-08-04 12:58:09,215 : INFO : Start of finding missing values...
2023-08-04 12:58:09,216 : INFO : End of finding missing values...
2023-08-04 12:58:09,216 : INFO : Start of building final predictset...
2023-08-04 12:58:09,229 : INFO : End of building final predictset...
2023-08-04 12:58:09,231 : INFO : End of Preprocessing...
2023-08-04 12:58:09,231 : INFO : Start of Load Model
2023-08-04 12:58:09,231 : INFO : Model File KMeans loaded
2023-08-04 12:58:09,232 : INFO : End of Load Model
2023-08-04 12:58:09,616 : INFO : clusters loop started
2023-08-04 12:58:09,618 : INFO : Start of finding correct model
2023-08-04 12:58:09,618 : INFO : End of finding correct model
2023-08-04 12:58:09,618 : INFO : Start of Load Model
2023-08-04 12:58:09,619 : INFO : Model File XGBoost2 loaded
2023-08-04 12:58:09,619 : INFO : End of Load Model
2023-08-04 12:58:09,651 : INFO : Shape of Data (1, 9)
2023-08-04 12:58:09,659 : INFO : Shape of Data None
2023-08-04 12:58:09,663 : INFO : Output : [0.]
2023-08-04 12:58:09,663 : INFO : End of Prediction
