2023-08-04 14:15:33,144 : INFO : Start of Prediction
2023-08-04 14:15:33,144 : INFO : run_id:2023-08-04_141533_519811856
2023-08-04 14:15:33,145 : INFO : Start of Preprocessing...
2023-08-04 14:15:33,145 : INFO : Start of feature encoding...
2023-08-04 14:15:33,158 : INFO : End of feature encoding...
2023-08-04 14:15:33,160 : INFO : Start of Droping Columns...
2023-08-04 14:15:33,163 : INFO : End of Droping Columns...
2023-08-04 14:15:33,163 : INFO : Start of finding missing values...
2023-08-04 14:15:33,165 : INFO : End of finding missing values...
2023-08-04 14:15:33,165 : INFO : Start of building final predictset...
2023-08-04 14:15:33,178 : INFO : End of building final predictset...
2023-08-04 14:15:33,179 : INFO : End of Preprocessing...
2023-08-04 14:15:33,180 : INFO : Start of Load Model
2023-08-04 14:15:33,180 : INFO : Model File KMeans loaded
2023-08-04 14:15:33,180 : INFO : End of Load Model
2023-08-04 14:15:33,186 : INFO : clusters loop started
2023-08-04 14:15:33,190 : INFO : Start of finding correct model
2023-08-04 14:15:33,191 : INFO : End of finding correct model
2023-08-04 14:15:33,192 : INFO : Start of Load Model
2023-08-04 14:15:33,192 : INFO : Model File XGBoost2 loaded
2023-08-04 14:15:33,192 : INFO : End of Load Model
2023-08-04 14:15:33,197 : INFO : Shape of Data (1, 9)
2023-08-04 14:15:33,220 : INFO : Shape of Data None
2023-08-04 14:15:33,228 : INFO : Output : [1.]
2023-08-04 14:15:33,228 : INFO : End of Prediction
