2023-08-04 12:24:00,047 : INFO : Start of Prediction
2023-08-04 12:24:00,048 : INFO : run_id:2023-08-04_122359_695922976
2023-08-04 12:24:00,048 : INFO : Start of Preprocessing...
2023-08-04 12:24:00,048 : INFO : Start of feature encoding...
2023-08-04 12:24:00,061 : INFO : End of feature encoding...
2023-08-04 12:24:00,064 : INFO : Start of Droping Columns...
2023-08-04 12:24:00,067 : INFO : End of Droping Columns...
2023-08-04 12:24:00,067 : INFO : Start of finding missing values...
2023-08-04 12:24:00,069 : INFO : End of finding missing values...
2023-08-04 12:24:00,069 : INFO : Start of building final predictset...
2023-08-04 12:24:00,086 : INFO : End of building final predictset...
2023-08-04 12:24:00,087 : INFO : End of Preprocessing...
2023-08-04 12:24:00,087 : INFO : Start of Load Model
2023-08-04 12:24:00,088 : INFO : Model File KMeans loaded
2023-08-04 12:24:00,088 : INFO : End of Load Model
2023-08-04 12:24:00,096 : INFO : clusters loop started
2023-08-04 12:24:00,100 : INFO : Start of finding correct model
2023-08-04 12:24:00,100 : INFO : End of finding correct model
2023-08-04 12:24:00,101 : INFO : Start of Load Model
2023-08-04 12:24:00,101 : INFO : Model File XGBoost2 loaded
2023-08-04 12:24:00,101 : INFO : End of Load Model
2023-08-04 12:24:00,104 : INFO : Shape of Data (1, 9)
2023-08-04 12:24:00,116 : INFO : Shape of Data None
2023-08-04 12:24:00,120 : INFO : Output : [1.]
2023-08-04 12:24:00,120 : INFO : End of Prediction
