2023-08-04 12:24:12,428 : INFO : Start of Prediction
2023-08-04 12:24:12,429 : INFO : run_id:2023-08-04_122412_639677126
2023-08-04 12:24:12,429 : INFO : Start of Preprocessing...
2023-08-04 12:24:12,430 : INFO : Start of feature encoding...
2023-08-04 12:24:12,442 : INFO : End of feature encoding...
2023-08-04 12:24:12,446 : INFO : Start of Droping Columns...
2023-08-04 12:24:12,450 : INFO : End of Droping Columns...
2023-08-04 12:24:12,450 : INFO : Start of finding missing values...
2023-08-04 12:24:12,451 : INFO : End of finding missing values...
2023-08-04 12:24:12,451 : INFO : Start of building final predictset...
2023-08-04 12:24:12,465 : INFO : End of building final predictset...
2023-08-04 12:24:12,466 : INFO : End of Preprocessing...
2023-08-04 12:24:12,466 : INFO : Start of Load Model
2023-08-04 12:24:12,467 : INFO : Model File KMeans loaded
2023-08-04 12:24:12,467 : INFO : End of Load Model
2023-08-04 12:24:12,472 : INFO : clusters loop started
2023-08-04 12:24:12,474 : INFO : Start of finding correct model
2023-08-04 12:24:12,477 : INFO : End of finding correct model
2023-08-04 12:24:12,477 : INFO : Start of Load Model
2023-08-04 12:24:12,478 : INFO : Model File XGBoost2 loaded
2023-08-04 12:24:12,478 : INFO : End of Load Model
2023-08-04 12:24:12,482 : INFO : Shape of Data (1, 9)
2023-08-04 12:24:12,492 : INFO : Shape of Data None
2023-08-04 12:24:12,501 : INFO : Output : [0.]
2023-08-04 12:24:12,501 : INFO : End of Prediction
