2023-08-04 12:23:42,010 : INFO : Start of Prediction
2023-08-04 12:23:42,010 : INFO : run_id:2023-08-04_122341_975519050
2023-08-04 12:23:42,012 : INFO : Start of Preprocessing...
2023-08-04 12:23:42,012 : INFO : Start of feature encoding...
2023-08-04 12:23:42,018 : INFO : End of feature encoding...
2023-08-04 12:23:42,037 : INFO : Start of Droping Columns...
2023-08-04 12:23:42,039 : INFO : End of Droping Columns...
2023-08-04 12:23:42,040 : INFO : Start of finding missing values...
2023-08-04 12:23:42,044 : INFO : End of finding missing values...
2023-08-04 12:23:42,044 : INFO : Start of building final predictset...
2023-08-04 12:23:42,054 : INFO : End of building final predictset...
2023-08-04 12:23:42,055 : INFO : End of Preprocessing...
2023-08-04 12:23:42,055 : INFO : Start of Load Model
2023-08-04 12:23:42,056 : INFO : Model File KMeans loaded
2023-08-04 12:23:42,056 : INFO : End of Load Model
2023-08-04 12:23:42,107 : INFO : clusters loop started
2023-08-04 12:23:42,112 : INFO : Start of finding correct model
2023-08-04 12:23:42,112 : INFO : End of finding correct model
2023-08-04 12:23:42,112 : INFO : Start of Load Model
2023-08-04 12:23:42,113 : INFO : Model File XGBoost2 loaded
2023-08-04 12:23:42,113 : INFO : End of Load Model
2023-08-04 12:23:42,230 : INFO : Shape of Data (1, 9)
2023-08-04 12:23:42,235 : INFO : Shape of Data None
2023-08-04 12:23:42,238 : INFO : Output : [1.]
2023-08-04 12:23:42,238 : INFO : End of Prediction
