2023-08-04 13:12:36,438 : INFO : Start of Prediction
2023-08-04 13:12:36,439 : INFO : run_id:2023-08-04_131236_495243475
2023-08-04 13:12:36,439 : INFO : Start of Preprocessing...
2023-08-04 13:12:36,439 : INFO : Start of feature encoding...
2023-08-04 13:12:36,545 : INFO : End of feature encoding...
2023-08-04 13:12:36,549 : INFO : Start of Droping Columns...
2023-08-04 13:12:36,555 : INFO : End of Droping Columns...
2023-08-04 13:12:36,556 : INFO : Start of finding missing values...
2023-08-04 13:12:36,558 : INFO : End of finding missing values...
2023-08-04 13:12:36,558 : INFO : Start of building final predictset...
2023-08-04 13:12:36,617 : INFO : End of building final predictset...
2023-08-04 13:12:36,620 : INFO : End of Preprocessing...
2023-08-04 13:12:36,621 : INFO : Start of Load Model
2023-08-04 13:12:36,621 : INFO : Model File KMeans loaded
2023-08-04 13:12:36,621 : INFO : End of Load Model
2023-08-04 13:12:36,711 : INFO : clusters loop started
2023-08-04 13:12:36,714 : INFO : Start of finding correct model
2023-08-04 13:12:36,715 : INFO : End of finding correct model
2023-08-04 13:12:36,715 : INFO : Start of Load Model
2023-08-04 13:12:36,717 : INFO : Model File XGBoost2 loaded
2023-08-04 13:12:36,717 : INFO : End of Load Model
2023-08-04 13:12:36,967 : INFO : Shape of Data (1, 9)
2023-08-04 13:12:36,976 : INFO : Shape of Data None
2023-08-04 13:12:37,005 : INFO : Output : [0.]
2023-08-04 13:12:37,005 : INFO : End of Prediction
