2023-08-04 12:03:22,941 : INFO : Start of Prediction
2023-08-04 12:03:22,941 : INFO : run_id:2023-08-04_120322_777759435
2023-08-04 12:03:22,942 : INFO : Start of Data Load, validation and transformation
2023-08-04 12:03:22,942 : INFO : Start of Archiving Old Rejected Files...
2023-08-04 12:03:22,942 : INFO : End of Archiving Old Rejected Files...
2023-08-04 12:03:22,943 : INFO : Start of Archiving Old Validated Files...
2023-08-04 12:03:22,945 : INFO : End of Archiving Old Validated Files...
2023-08-04 12:03:22,945 : INFO : Start of Archiving Old Processed Files...
2023-08-04 12:03:22,946 : INFO : End of Archiving Old Processed Files...
2023-08-04 12:03:22,946 : INFO : Start of Archiving Old Result Files...
2023-08-04 12:03:22,948 : INFO : End of Archiving Old Result Files...
2023-08-04 12:03:22,949 : INFO : Start of Reading values From Schema...
2023-08-04 12:03:22,972 : INFO : End of Reading values From Schema...
2023-08-04 12:03:22,972 : INFO : Start of Validating Column Length...
2023-08-04 12:03:23,121 : INFO : End of Validating Column Length...
2023-08-04 12:03:23,122 : INFO : Start of Validating Missing Values...
2023-08-04 12:03:23,134 : INFO : End of Validating Missing Values...
2023-08-04 12:03:23,134 : INFO : Start of Replacing Missing Values with NULL...
2023-08-04 12:03:23,188 : INFO : hr_data_predict.txt: File Transformed successfully!!
2023-08-04 12:03:23,188 : INFO : End of Replacing Missing Values with NULL...
2023-08-04 12:03:23,188 : INFO : Start of Creating Table...
2023-08-04 12:03:23,203 : INFO : Opened prediction database successfully
2023-08-04 12:03:23,359 : INFO : CREATE TABLE prediction_raw_data_t column_name
2023-08-04 12:03:23,466 : INFO : ALTER TABLE prediction_raw_data_t ADD COLUMN
2023-08-04 12:03:23,583 : INFO : ALTER TABLE prediction_raw_data_t ADD COLUMN
2023-08-04 12:03:23,686 : INFO : ALTER TABLE prediction_raw_data_t ADD COLUMN
2023-08-04 12:03:23,783 : INFO : ALTER TABLE prediction_raw_data_t ADD COLUMN
2023-08-04 12:03:23,886 : INFO : ALTER TABLE prediction_raw_data_t ADD COLUMN
2023-08-04 12:03:23,992 : INFO : ALTER TABLE prediction_raw_data_t ADD COLUMN
2023-08-04 12:03:24,099 : INFO : ALTER TABLE prediction_raw_data_t ADD COLUMN
2023-08-04 12:03:24,516 : INFO : ALTER TABLE prediction_raw_data_t ADD COLUMN
2023-08-04 12:03:24,530 : INFO : End of Creating Table...
2023-08-04 12:03:24,530 : INFO : Opened prediction database successfully
2023-08-04 12:03:24,531 : INFO : Start of Inserting Data into Table...
2023-08-04 12:03:24,931 : INFO : End of Inserting Data into Table...
2023-08-04 12:03:24,932 : INFO : Start of Exporting Data into CSV...
2023-08-04 12:03:24,932 : INFO : Opened prediction database successfully
2023-08-04 12:03:24,933 : INFO : End of Exporting Data into CSV...
2023-08-04 12:03:24,939 : INFO : Start of Moving Processed Files...
2023-08-04 12:03:24,941 : INFO : Moved the already processed file hr_data_predict.txt
2023-08-04 12:03:24,941 : INFO : End of Moving Processed Files...
2023-08-04 12:03:24,941 : INFO : End of Data Load, validation and transformation
2023-08-04 12:03:24,941 : INFO : Start of Preprocessing...
2023-08-04 12:03:24,941 : INFO : Start of reading dataset...
2023-08-04 12:03:24,948 : INFO : End of reading dataset...
2023-08-04 12:03:24,948 : INFO : Start of feature encoding...
2023-08-04 12:03:24,990 : INFO : End of feature encoding...
2023-08-04 12:03:24,992 : INFO : Start of Droping Columns...
2023-08-04 12:03:24,997 : INFO : End of Droping Columns...
2023-08-04 12:03:24,997 : INFO : Start of finding missing values...
2023-08-04 12:03:24,999 : INFO : End of finding missing values...
2023-08-04 12:03:24,999 : INFO : Start of building final predictset...
2023-08-04 12:03:25,015 : INFO : End of building final predictset...
2023-08-04 12:03:25,015 : INFO : End of Preprocessing...
2023-08-04 12:03:25,015 : INFO : Start of Load Model
2023-08-04 12:03:25,032 : INFO : Model File KMeans loaded
2023-08-04 12:03:25,033 : INFO : End of Load Model
2023-08-04 12:03:25,106 : INFO : clusters loop started
2023-08-04 12:03:25,110 : INFO : Start of finding correct model
2023-08-04 12:03:25,111 : INFO : End of finding correct model
2023-08-04 12:03:25,112 : INFO : Start of Load Model
2023-08-04 12:03:25,157 : INFO : Model File XGBoost2 loaded
2023-08-04 12:03:25,158 : INFO : End of Load Model
2023-08-04 12:03:25,334 : INFO : clusters loop started
2023-08-04 12:03:25,337 : INFO : Start of finding correct model
2023-08-04 12:03:25,338 : INFO : End of finding correct model
2023-08-04 12:03:25,338 : INFO : Start of Load Model
2023-08-04 12:03:25,375 : INFO : Model File XGBoost1 loaded
2023-08-04 12:03:25,375 : INFO : End of Load Model
2023-08-04 12:03:25,400 : INFO : End of Prediction
