2023-08-04 16:49:50,068 : INFO : Start of Prediction
2023-08-04 16:49:50,068 : INFO : run_id:2023-08-04_164950_233646382
2023-08-04 16:49:50,068 : INFO : Start of Preprocessing...
2023-08-04 16:49:50,069 : INFO : Start of feature encoding...
2023-08-04 16:49:50,080 : INFO : End of feature encoding...
2023-08-04 16:49:50,083 : INFO : Start of Droping Columns...
2023-08-04 16:49:50,086 : INFO : End of Droping Columns...
2023-08-04 16:49:50,086 : INFO : Start of finding missing values...
2023-08-04 16:49:50,088 : INFO : End of finding missing values...
2023-08-04 16:49:50,089 : INFO : Start of building final predictset...
2023-08-04 16:49:50,107 : INFO : End of building final predictset...
2023-08-04 16:49:50,108 : INFO : End of Preprocessing...
2023-08-04 16:49:50,108 : INFO : Start of Load Model
2023-08-04 16:49:50,109 : INFO : Model File KMeans loaded
2023-08-04 16:49:50,109 : INFO : End of Load Model
2023-08-04 16:49:50,116 : INFO : clusters loop started
2023-08-04 16:49:50,121 : INFO : Start of finding correct model
2023-08-04 16:49:50,121 : INFO : End of finding correct model
2023-08-04 16:49:50,121 : INFO : Start of Load Model
2023-08-04 16:49:50,122 : INFO : Model File XGBoost2 loaded
2023-08-04 16:49:50,122 : INFO : End of Load Model
2023-08-04 16:49:50,148 : INFO : Shape of Data (1, 9)
2023-08-04 16:49:50,163 : INFO : Shape of Data None
2023-08-04 16:49:50,168 : INFO : Output : [1.]
2023-08-04 16:49:50,168 : INFO : End of Prediction
