2023-08-04 16:45:39,874 : INFO : Start of Prediction
2023-08-04 16:45:39,876 : INFO : run_id:2023-08-04_164539_639915090
2023-08-04 16:45:39,877 : INFO : Start of Preprocessing...
2023-08-04 16:45:39,877 : INFO : Start of feature encoding...
2023-08-04 16:45:40,032 : INFO : End of feature encoding...
2023-08-04 16:45:40,037 : INFO : Start of Droping Columns...
2023-08-04 16:45:40,073 : INFO : End of Droping Columns...
2023-08-04 16:45:40,074 : INFO : Start of finding missing values...
2023-08-04 16:45:40,078 : INFO : End of finding missing values...
2023-08-04 16:45:40,078 : INFO : Start of building final predictset...
2023-08-04 16:45:40,183 : INFO : End of building final predictset...
2023-08-04 16:45:40,184 : INFO : End of Preprocessing...
2023-08-04 16:45:40,185 : INFO : Start of Load Model
2023-08-04 16:45:40,186 : INFO : Model File KMeans loaded
2023-08-04 16:45:40,186 : INFO : End of Load Model
2023-08-04 16:45:40,298 : INFO : clusters loop started
2023-08-04 16:45:40,303 : INFO : Start of finding correct model
2023-08-04 16:45:40,304 : INFO : End of finding correct model
2023-08-04 16:45:40,304 : INFO : Start of Load Model
2023-08-04 16:45:40,304 : INFO : Model File XGBoost2 loaded
2023-08-04 16:45:40,305 : INFO : End of Load Model
2023-08-04 16:45:40,667 : INFO : Shape of Data (1, 9)
2023-08-04 16:45:40,679 : INFO : Shape of Data None
2023-08-04 16:45:40,731 : INFO : Output : [1.]
2023-08-04 16:45:40,731 : INFO : End of Prediction
