2023-08-04 14:13:39,456 : INFO : Start of Prediction
2023-08-04 14:13:39,458 : INFO : run_id:2023-08-04_141338_852588119
2023-08-04 14:13:39,458 : INFO : Start of Preprocessing...
2023-08-04 14:13:39,458 : INFO : Start of feature encoding...
2023-08-04 14:13:39,581 : INFO : End of feature encoding...
2023-08-04 14:13:39,585 : INFO : Start of Droping Columns...
2023-08-04 14:13:39,591 : INFO : End of Droping Columns...
2023-08-04 14:13:39,592 : INFO : Start of finding missing values...
2023-08-04 14:13:39,595 : INFO : End of finding missing values...
2023-08-04 14:13:39,596 : INFO : Start of building final predictset...
2023-08-04 14:13:39,646 : INFO : End of building final predictset...
2023-08-04 14:13:39,647 : INFO : End of Preprocessing...
2023-08-04 14:13:39,648 : INFO : Start of Load Model
2023-08-04 14:13:39,648 : INFO : Model File KMeans loaded
2023-08-04 14:13:39,648 : INFO : End of Load Model
2023-08-04 14:13:39,727 : INFO : clusters loop started
2023-08-04 14:13:39,732 : INFO : Start of finding correct model
2023-08-04 14:13:39,733 : INFO : End of finding correct model
2023-08-04 14:13:39,733 : INFO : Start of Load Model
2023-08-04 14:13:39,733 : INFO : Model File XGBoost2 loaded
2023-08-04 14:13:39,735 : INFO : End of Load Model
2023-08-04 14:13:40,873 : INFO : Shape of Data (1, 9)
2023-08-04 14:13:40,883 : INFO : Shape of Data None
2023-08-04 14:13:40,912 : INFO : Output : [1.]
2023-08-04 14:13:40,912 : INFO : End of Prediction
