2023-08-05 15:09:26,227 : INFO : Start of Prediction
2023-08-05 15:09:26,228 : INFO : run_id:2023-08-05_150925_186259203
2023-08-05 15:09:26,228 : INFO : Start of Preprocessing...
2023-08-05 15:09:26,228 : INFO : Start of feature encoding...
2023-08-05 15:09:26,380 : INFO : End of feature encoding...
2023-08-05 15:09:26,383 : INFO : Start of Droping Columns...
2023-08-05 15:09:26,388 : INFO : End of Droping Columns...
2023-08-05 15:09:26,389 : INFO : Start of finding missing values...
2023-08-05 15:09:26,391 : INFO : End of finding missing values...
2023-08-05 15:09:26,391 : INFO : Start of building final predictset...
2023-08-05 15:09:26,457 : INFO : End of building final predictset...
2023-08-05 15:09:26,458 : INFO : End of Preprocessing...
2023-08-05 15:09:26,459 : INFO : Start of Load Model
2023-08-05 15:09:26,477 : INFO : Model File KMeans loaded
2023-08-05 15:09:26,477 : INFO : End of Load Model
2023-08-05 15:09:26,527 : INFO : clusters loop started
2023-08-05 15:09:26,532 : INFO : Start of finding correct model
2023-08-05 15:09:26,533 : INFO : End of finding correct model
2023-08-05 15:09:26,533 : INFO : Start of Load Model
2023-08-05 15:09:26,565 : INFO : Model File XGBoost2 loaded
2023-08-05 15:09:26,566 : INFO : End of Load Model
2023-08-05 15:09:27,835 : INFO : Shape of Data (1, 9)
2023-08-05 15:09:27,845 : INFO : Shape of Data None
2023-08-05 15:09:27,914 : INFO : Output : [0.]
2023-08-05 15:09:27,915 : INFO : End of Prediction
