2023-08-03 14:49:51,957 : INFO : Start of Training
2023-08-03 14:49:51,958 : INFO : Run_id:2023-08-03_144951_241354813
2023-08-03 14:49:51,958 : INFO : Start of Data Load, validation and transformation
2023-08-03 14:49:51,958 : INFO : Start of Archiving Old Rejected Files...
2023-08-03 14:49:51,958 : INFO : End of Archiving Old Rejected Files...
2023-08-03 14:49:51,958 : INFO : Start of Archiving Old Validated Files...
2023-08-03 14:49:51,960 : INFO : End of Archiving Old Validated Files...
2023-08-03 14:49:51,960 : INFO : Start of Archiving Old Processed Files...
2023-08-03 14:49:51,961 : INFO : End of Archiving Old Processed Files...
2023-08-03 14:49:51,961 : INFO : Start of Archiving Old Result Files...
2023-08-03 14:49:51,961 : INFO : End of Archiving Old Result Files...
2023-08-03 14:49:51,961 : INFO : Start of Reading values From Schema...
2023-08-03 14:49:51,963 : INFO : End of Reading values From Schema...
2023-08-03 14:49:51,963 : INFO : Start of Validating Column Length...
2023-08-03 14:49:51,964 : INFO : End of Validating Column Length...
2023-08-03 14:49:51,964 : INFO : Start of Validating Missing Values...
2023-08-03 14:49:51,964 : INFO : End of Validating Missing Values...
2023-08-03 14:49:51,964 : INFO : Start of Replacing Missing Values with NULL...
2023-08-03 14:49:51,964 : INFO : End of Replacing Missing Values with NULL...
2023-08-03 14:49:51,964 : INFO : Start of Creating Table...
2023-08-03 14:49:51,965 : INFO : Opened training database successfully
2023-08-03 14:49:51,965 : INFO : Tables created successfully
2023-08-03 14:49:51,965 : INFO : Closed training database successfully
2023-08-03 14:49:51,965 : INFO : End of Creating Table...
2023-08-03 14:49:51,966 : INFO : Opened training database successfully
2023-08-03 14:49:51,966 : INFO : Start of Inserting Data into Table...
2023-08-03 14:49:51,966 : INFO : End of Inserting Data into Table...
2023-08-03 14:49:51,966 : INFO : Start of Exporting Data into CSV...
2023-08-03 14:49:51,966 : INFO : Opened training database successfully
2023-08-03 14:49:52,108 : INFO : End of Exporting Data into CSV...
2023-08-03 14:49:52,657 : INFO : Start of Moving Processed Files...
2023-08-03 14:49:52,657 : INFO : End of Moving Processed Files...
2023-08-03 14:49:52,657 : INFO : End of Data Load, validation and transformation
2023-08-03 14:49:52,657 : INFO : Start of Preprocessing...
2023-08-03 14:49:52,657 : INFO : Start of reading dataset...
2023-08-03 14:49:52,677 : INFO : End of reading dataset...
2023-08-03 14:49:52,677 : INFO : Start of Droping Columns...
2023-08-03 14:49:52,679 : INFO : End of Droping Columns...
2023-08-03 14:49:52,679 : INFO : Start of feature encoding...
2023-08-03 14:49:52,686 : INFO : End of feature encoding...
2023-08-03 14:49:52,688 : INFO : Start of Droping Columns...
2023-08-03 14:49:52,691 : INFO : End of Droping Columns...
2023-08-03 14:49:52,691 : INFO : Start of finding missing values...
2023-08-03 14:49:52,701 : INFO : End of finding missing values...
2023-08-03 14:49:52,701 : INFO : Start of imputing missing values...
2023-08-03 14:49:52,719 : INFO : End of imputing missing values...
2023-08-03 14:49:52,719 : INFO : Start of splitting features and label ...
2023-08-03 14:49:52,721 : INFO : End of splitting features and label ...
2023-08-03 14:49:52,721 : INFO : End of Preprocessing...
2023-08-03 14:49:52,725 : INFO : Start of elbow plotting...
2023-08-03 14:49:56,606 : INFO : The optimum number of clusters is: 3
2023-08-03 14:49:56,606 : INFO : End of elbow plotting...
2023-08-03 14:49:56,606 : INFO : Start of Create clusters...
2023-08-03 14:49:56,826 : INFO : Start of Save Models
2023-08-03 14:49:56,826 : INFO : Start of Save Models
2023-08-03 14:49:56,951 : INFO : Model File KMeans saved
2023-08-03 14:49:56,951 : INFO : Model File KMeans saved
2023-08-03 14:49:56,951 : INFO : End of Save Models
2023-08-03 14:49:56,951 : INFO : End of Save Models
2023-08-03 14:49:56,951 : INFO : succesfully created 3clusters.
2023-08-03 14:49:56,952 : INFO : End of Create clusters...
2023-08-03 14:49:56,958 : INFO : Start of finding best model...
2023-08-03 14:49:56,958 : INFO : Start of finding best params for XGBoost algo...
2023-08-03 14:56:29,877 : INFO : XGBoost best params: {'learning_rate': 0.5, 'max_depth': 10, 'n_estimators': 200}
2023-08-03 14:56:29,877 : INFO : End of finding best params for XGBoost algo...
2023-08-03 14:56:29,895 : INFO : AUC for XGBoost:0.983593869701696
2023-08-03 14:56:29,895 : INFO : Start of finding best params for randomforest algo...
2023-08-03 14:57:18,937 : INFO : Random Forest best params: {'criterion': 'entropy', 'max_depth': 3, 'max_features': 'log2', 'n_estimators': 10}
2023-08-03 14:57:18,938 : INFO : End of finding best params for randomforest algo...
2023-08-03 14:57:18,942 : INFO : AUC for XGBoost:0.9639171207555619
2023-08-03 14:57:18,942 : INFO : End of finding best model...
2023-08-03 14:57:18,942 : INFO : Start of Save Models
2023-08-03 14:57:18,942 : INFO : Start of Save Models
2023-08-03 14:57:18,947 : INFO : Model File XGBoost2 saved
2023-08-03 14:57:18,947 : INFO : Model File XGBoost2 saved
2023-08-03 14:57:18,948 : INFO : End of Save Models
2023-08-03 14:57:18,948 : INFO : End of Save Models
2023-08-03 14:57:18,955 : INFO : Start of finding best model...
2023-08-03 14:57:18,955 : INFO : Start of finding best params for XGBoost algo...
2023-08-03 14:59:53,654 : INFO : XGBoost best params: {'learning_rate': 0.1, 'max_depth': 10, 'n_estimators': 100}
2023-08-03 14:59:53,654 : INFO : End of finding best params for XGBoost algo...
2023-08-03 14:59:53,667 : INFO : AUC for XGBoost:0.9832103511442503
2023-08-03 14:59:53,669 : INFO : Start of finding best params for randomforest algo...
2023-08-03 15:00:53,616 : INFO : Random Forest best params: {'criterion': 'entropy', 'max_depth': 3, 'max_features': 'auto', 'n_estimators': 100}
2023-08-03 15:00:53,616 : INFO : End of finding best params for randomforest algo...
2023-08-03 15:00:53,634 : INFO : AUC for XGBoost:0.9620303241397699
2023-08-03 15:00:53,634 : INFO : End of finding best model...
2023-08-03 15:00:53,635 : INFO : Start of Save Models
2023-08-03 15:00:53,635 : INFO : Start of Save Models
2023-08-03 15:00:53,654 : INFO : Model File XGBoost1 saved
2023-08-03 15:00:53,654 : INFO : Model File XGBoost1 saved
2023-08-03 15:00:53,656 : INFO : End of Save Models
2023-08-03 15:00:53,656 : INFO : End of Save Models
2023-08-03 15:00:53,663 : INFO : Start of finding best model...
2023-08-03 15:00:53,663 : INFO : Start of finding best params for XGBoost algo...
2023-08-03 15:02:48,425 : INFO : XGBoost best params: {'learning_rate': 0.5, 'max_depth': 20, 'n_estimators': 50}
2023-08-03 15:02:48,425 : INFO : End of finding best params for XGBoost algo...
2023-08-03 15:02:48,434 : INFO : AUC for XGBoost:0.9081905910735827
2023-08-03 15:02:48,434 : INFO : Start of finding best params for randomforest algo...
2023-08-03 15:03:31,156 : INFO : Random Forest best params: {'criterion': 'entropy', 'max_depth': 3, 'max_features': 'auto', 'n_estimators': 100}
2023-08-03 15:03:31,156 : INFO : End of finding best params for randomforest algo...
2023-08-03 15:03:31,178 : INFO : AUC for XGBoost:0.8193968636911944
2023-08-03 15:03:31,179 : INFO : End of finding best model...
2023-08-03 15:03:31,179 : INFO : Start of Save Models
2023-08-03 15:03:31,179 : INFO : Start of Save Models
2023-08-03 15:03:31,188 : INFO : Model File XGBoost0 saved
2023-08-03 15:03:31,188 : INFO : Model File XGBoost0 saved
2023-08-03 15:03:31,189 : INFO : End of Save Models
2023-08-03 15:03:31,189 : INFO : End of Save Models
2023-08-03 15:03:31,189 : INFO : End of Training
