2023-08-03 13:44:59,728 : INFO : Start of Training
2023-08-03 13:44:59,729 : INFO : Run_id:2023-08-03_134459_287420724
2023-08-03 13:44:59,729 : INFO : Start of Data Load, validation and transformation
2023-08-03 13:44:59,729 : INFO : Start of Archiving Old Rejected Files...
2023-08-03 13:44:59,730 : INFO : End of Archiving Old Rejected Files...
2023-08-03 13:44:59,730 : INFO : Start of Archiving Old Validated Files...
2023-08-03 13:44:59,730 : INFO : End of Archiving Old Validated Files...
2023-08-03 13:44:59,730 : INFO : Start of Archiving Old Processed Files...
2023-08-03 13:44:59,732 : INFO : End of Archiving Old Processed Files...
2023-08-03 13:44:59,733 : INFO : Start of Archiving Old Result Files...
2023-08-03 13:44:59,735 : INFO : End of Archiving Old Result Files...
2023-08-03 13:44:59,735 : INFO : Start of Reading values From Schema...
2023-08-03 13:44:59,740 : INFO : End of Reading values From Schema...
2023-08-03 13:44:59,741 : INFO : Start of Validating Column Length...
2023-08-03 13:45:00,129 : INFO : End of Validating Column Length...
2023-08-03 13:45:00,130 : INFO : Start of Validating Missing Values...
2023-08-03 13:45:00,218 : INFO : End of Validating Missing Values...
2023-08-03 13:45:00,219 : INFO : Start of Replacing Missing Values with NULL...
2023-08-03 13:45:01,509 : INFO : hr_data.csv: File Transformed successfully!!
2023-08-03 13:45:01,510 : INFO : End of Replacing Missing Values with NULL...
2023-08-03 13:45:01,511 : INFO : Start of Creating Table...
2023-08-03 13:45:01,544 : INFO : Opened training database successfully
2023-08-03 13:45:01,686 : INFO : CREATE TABLE training_raw_data_t column_name
2023-08-03 13:45:01,816 : INFO : ALTER TABLE training_raw_data_t ADD COLUMN
2023-08-03 13:45:01,922 : INFO : ALTER TABLE training_raw_data_t ADD COLUMN
2023-08-03 13:45:02,108 : INFO : ALTER TABLE training_raw_data_t ADD COLUMN
2023-08-03 13:45:02,216 : INFO : ALTER TABLE training_raw_data_t ADD COLUMN
2023-08-03 13:45:02,344 : INFO : ALTER TABLE training_raw_data_t ADD COLUMN
2023-08-03 13:45:02,454 : INFO : ALTER TABLE training_raw_data_t ADD COLUMN
2023-08-03 13:45:02,571 : INFO : ALTER TABLE training_raw_data_t ADD COLUMN
2023-08-03 13:45:02,690 : INFO : ALTER TABLE training_raw_data_t ADD COLUMN
2023-08-03 13:45:02,801 : INFO : ALTER TABLE training_raw_data_t ADD COLUMN
2023-08-03 13:45:02,817 : INFO : End of Creating Table...
2023-08-03 13:45:02,819 : INFO : Opened training database successfully
2023-08-03 13:45:02,819 : INFO : Start of Inserting Data into Table...
2023-08-03 14:42:49,003 : INFO : End of Inserting Data into Table...
2023-08-03 14:42:49,015 : INFO : Start of Exporting Data into CSV...
2023-08-03 14:42:49,016 : INFO : Opened training database successfully
2023-08-03 14:42:49,177 : INFO : End of Exporting Data into CSV...
2023-08-03 14:42:49,671 : INFO : Start of Moving Processed Files...
2023-08-03 14:42:49,768 : INFO : Moved the already processed file hr_data.csv
2023-08-03 14:42:49,768 : INFO : End of Moving Processed Files...
2023-08-03 14:42:49,768 : INFO : End of Data Load, validation and transformation
2023-08-03 14:42:49,770 : INFO : Start of Preprocessing...
2023-08-03 14:42:49,770 : INFO : Start of reading dataset...
2023-08-03 14:42:50,220 : INFO : End of reading dataset...
2023-08-03 14:42:50,220 : INFO : Start of Droping Columns...
2023-08-03 14:42:50,381 : INFO : End of Droping Columns...
2023-08-03 14:42:50,381 : INFO : Start of feature encoding...
2023-08-03 14:42:50,513 : INFO : End of feature encoding...
2023-08-03 14:42:50,515 : INFO : Start of Droping Columns...
2023-08-03 14:42:50,519 : INFO : End of Droping Columns...
2023-08-03 14:42:50,520 : INFO : Start of finding missing values...
2023-08-03 14:42:50,611 : INFO : End of finding missing values...
2023-08-03 14:42:50,612 : INFO : Start of imputing missing values...
2023-08-03 14:42:50,731 : INFO : End of imputing missing values...
2023-08-03 14:42:50,731 : INFO : Start of splitting features and label ...
2023-08-03 14:42:50,732 : INFO : End of splitting features and label ...
2023-08-03 14:42:50,732 : INFO : End of Preprocessing...
2023-08-03 14:42:50,735 : INFO : Start of elbow plotting...
2023-08-03 14:42:55,748 : INFO : The optimum number of clusters is: 3
2023-08-03 14:42:55,748 : INFO : End of elbow plotting...
2023-08-03 14:42:55,748 : INFO : Start of Create clusters...
2023-08-03 14:42:55,984 : INFO : Start of Save Models
2023-08-03 14:42:55,984 : INFO : Start of Save Models
2023-08-03 14:42:55,988 : INFO : Model File KMeans saved
2023-08-03 14:42:55,988 : INFO : Model File KMeans saved
2023-08-03 14:42:55,988 : INFO : End of Save Models
2023-08-03 14:42:55,988 : INFO : End of Save Models
2023-08-03 14:42:55,989 : INFO : succesfully created 3clusters.
2023-08-03 14:42:55,989 : INFO : End of Create clusters...
2023-08-03 14:42:56,002 : INFO : Start of finding best model...
2023-08-03 14:42:56,003 : INFO : Start of finding best params for XGBoost algo...
2023-08-03 14:44:46,104 : INFO : XGBoost best params: {'learning_rate': 0.5, 'max_depth': 10, 'n_estimators': 200}
2023-08-03 14:44:46,105 : INFO : End of finding best params for XGBoost algo...
2023-08-03 14:44:46,504 : INFO : AUC for XGBoost:0.983593869701696
2023-08-03 14:44:46,505 : INFO : Start of finding best params for randomforest algo...
2023-08-03 14:45:25,140 : INFO : Random Forest best params: {'criterion': 'entropy', 'max_depth': 3, 'max_features': 'log2', 'n_estimators': 100}
2023-08-03 14:45:25,140 : INFO : End of finding best params for randomforest algo...
2023-08-03 14:45:25,156 : INFO : AUC for XGBoost:0.9639171207555619
2023-08-03 14:45:25,157 : INFO : End of finding best model...
2023-08-03 14:45:25,157 : INFO : Start of Save Models
2023-08-03 14:45:25,157 : INFO : Start of Save Models
2023-08-03 14:45:25,508 : INFO : Model File XGBoost2 saved
2023-08-03 14:45:25,508 : INFO : Model File XGBoost2 saved
2023-08-03 14:45:25,508 : INFO : End of Save Models
2023-08-03 14:45:25,508 : INFO : End of Save Models
2023-08-03 14:45:25,515 : INFO : Start of finding best model...
2023-08-03 14:45:25,515 : INFO : Start of finding best params for XGBoost algo...
2023-08-03 14:47:15,149 : INFO : XGBoost best params: {'learning_rate': 0.1, 'max_depth': 10, 'n_estimators': 100}
2023-08-03 14:47:15,149 : INFO : End of finding best params for XGBoost algo...
2023-08-03 14:47:15,162 : INFO : AUC for XGBoost:0.9832103511442503
2023-08-03 14:47:15,162 : INFO : Start of finding best params for randomforest algo...
2023-08-03 14:47:51,684 : INFO : Random Forest best params: {'criterion': 'gini', 'max_depth': 3, 'max_features': 'auto', 'n_estimators': 130}
2023-08-03 14:47:51,684 : INFO : End of finding best params for randomforest algo...
2023-08-03 14:47:51,709 : INFO : AUC for XGBoost:0.9605209972737515
2023-08-03 14:47:51,710 : INFO : End of finding best model...
2023-08-03 14:47:51,710 : INFO : Start of Save Models
2023-08-03 14:47:51,710 : INFO : Start of Save Models
2023-08-03 14:47:51,715 : INFO : Model File XGBoost1 saved
2023-08-03 14:47:51,715 : INFO : Model File XGBoost1 saved
2023-08-03 14:47:51,715 : INFO : End of Save Models
2023-08-03 14:47:51,715 : INFO : End of Save Models
2023-08-03 14:47:51,719 : INFO : Start of finding best model...
2023-08-03 14:47:51,719 : INFO : Start of finding best params for XGBoost algo...
2023-08-03 14:49:16,871 : INFO : XGBoost best params: {'learning_rate': 0.5, 'max_depth': 20, 'n_estimators': 50}
2023-08-03 14:49:16,872 : INFO : End of finding best params for XGBoost algo...
2023-08-03 14:49:16,881 : INFO : AUC for XGBoost:0.9081905910735827
2023-08-03 14:49:16,881 : INFO : Start of finding best params for randomforest algo...
2023-08-03 14:49:51,548 : INFO : Random Forest best params: {'criterion': 'entropy', 'max_depth': 3, 'max_features': 'auto', 'n_estimators': 130}
2023-08-03 14:49:51,549 : INFO : End of finding best params for randomforest algo...
2023-08-03 14:49:51,580 : INFO : AUC for XGBoost:0.8200000000000001
2023-08-03 14:49:51,580 : INFO : End of finding best model...
2023-08-03 14:49:51,580 : INFO : Start of Save Models
2023-08-03 14:49:51,580 : INFO : Start of Save Models
2023-08-03 14:49:51,943 : INFO : Model File XGBoost0 saved
2023-08-03 14:49:51,943 : INFO : Model File XGBoost0 saved
2023-08-03 14:49:51,944 : INFO : End of Save Models
2023-08-03 14:49:51,944 : INFO : End of Save Models
2023-08-03 14:49:51,944 : INFO : End of Training
